<?xml version="1.0" encoding="UTF-8"?>
<!-- Generated by org.testng.reporters.JUnitXMLReporter -->
<testsuite ignored="0" hostname="DESKTOP-PAQK8PM" failures="0" tests="4" name="Default test" time="22.679" errors="0" timestamp="2022-08-04T12:28:46 IST">
  <testcase classname="webprj.webapp.secondTest" name="signin" time="2.043"/>
  <testcase classname="webprj.webapp.secondTest" name="emailtxt" time="3.193"/>
  <testcase classname="webprj.webapp.secondTest" name="emailtxt" time="3.016"/>
  <testcase classname="webprj.webapp.secondTest" name="createaccount" time="1.612"/>
</testsuite> <!-- Default test -->
