<?xml version="1.0" encoding="UTF-8"?>
<!-- Generated by org.testng.reporters.JUnitXMLReporter -->
<testsuite ignored="0" hostname="DESKTOP-PAQK8PM" failures="0" tests="8" name="Test" time="49.453" errors="0" timestamp="2022-08-04T14:41:55 IST">
  <testcase classname="webprj.webapp.secondTest" name="signin" time="2.107"/>
  <testcase classname="webprj.webapp.secondTest" name="emailtxt" time="3.102"/>
  <testcase classname="webprj.webapp.secondTest" name="emailtxt" time="2.806"/>
  <testcase classname="webprj.webapp.secondTest" name="createaccount" time="2.252"/>
  <testcase classname="webprj.webapp.firstTest" name="searchtexttest" time="1.911"/>
  <testcase classname="webprj.webapp.firstTest" name="gmaillinktest" time="11.802"/>
  <testcase classname="webprj.webapp.firstTest" name="imglinktest" time="6.55"/>
  <testcase classname="webprj.webapp.firstTest" name="signinlinktest" time="4.746"/>
</testsuite> <!-- Test -->
